2012/02/11 03:59:33 [error] [php] include(Controller.php) [<a href='function.include'>function.include</a>]: failed to open stream: No such file or directory (C:\xampp\yii\framework\YiiBase.php:418)
Stack trace:
#0 C:\xampp\htdocs\darwinedy\protected\controllers\SiteController.php(4): spl_autoload_call()
#1 C:\xampp\yii\framework\web\CWebApplication.php(344): require()
#2 C:\xampp\yii\framework\web\CWebApplication.php(270): CWebApplication->createController()
#3 C:\xampp\yii\framework\web\CWebApplication.php(135): CWebApplication->runController()
#4 C:\xampp\yii\framework\base\CApplication.php(162): CWebApplication->processRequest()
#5 C:\xampp\htdocs\darwinedy\index.php(13): CWebApplication->run()
REQUEST_URI=/darwinedy/index.php?r=site/index
in C:\xampp\htdocs\darwinedy\protected\controllers\SiteController.php (4)
in C:\xampp\htdocs\darwinedy\index.php (13)
2012/02/11 03:59:39 [error] [php] include(Controller.php) [<a href='function.include'>function.include</a>]: failed to open stream: No such file or directory (C:\xampp\yii\framework\YiiBase.php:418)
Stack trace:
#0 C:\xampp\htdocs\darwinedy\protected\controllers\SiteController.php(4): spl_autoload_call()
#1 C:\xampp\yii\framework\web\CWebApplication.php(344): require()
#2 C:\xampp\yii\framework\web\CWebApplication.php(270): CWebApplication->createController()
#3 C:\xampp\yii\framework\web\CWebApplication.php(135): CWebApplication->runController()
#4 C:\xampp\yii\framework\base\CApplication.php(162): CWebApplication->processRequest()
#5 C:\xampp\htdocs\darwinedy\index.php(13): CWebApplication->run()
REQUEST_URI=/darwinedy/index.php?r=site/contact
in C:\xampp\htdocs\darwinedy\protected\controllers\SiteController.php (4)
in C:\xampp\htdocs\darwinedy\index.php (13)
2012/02/11 06:32:48 [error] [exception.CException] exception 'CException' with message 'Property "ContactForm.textField" is not defined.' in C:\xampp\yii\framework\base\CComponent.php:131
Stack trace:
#0 C:\xampp\yii\framework\web\helpers\CHtml.php(2044): CComponent->__get('textField')
#1 C:\xampp\yii\framework\web\helpers\CHtml.php(1774): CHtml::resolveValue(Object(ContactForm), 'textField')
#2 C:\xampp\yii\framework\web\helpers\CHtml.php(1205): CHtml::activeInputField('text', Object(ContactForm), 'textField', Array)
#3 C:\xampp\yii\framework\web\widgets\CActiveForm.php(568): CHtml::activeTextField(Object(ContactForm), 'textField', Array)
#4 C:\xampp\htdocs\darwinedy\protected\extensions\bootstrap\widgets\input\BootInputHorizontal.php(167): CActiveForm->textField(Object(ContactForm), 'textField', Array)
#5 C:\xampp\htdocs\darwinedy\protected\extensions\bootstrap\widgets\input\BootInput.php(114): BootInputHorizontal->textField()
#6 C:\xampp\htdocs\darwinedy\protected\extensions\bootstrap\widgets\input\BootInputHorizontal.php(25): BootInput->run()
#7 C:\xampp\yii\framework\web\CBaseController.php(174): BootInputHorizontal->run()
#8 C:\xampp\htdocs\darwinedy\protected\extensions\bootstrap\widgets\BootActiveForm.php(480): CBaseController->widget('bootstrap.widge...', Array)
#9 C:\xampp\htdocs\darwinedy\protected\extensions\bootstrap\widgets\BootActiveForm.php(179): BootActiveForm->inputRow('textfield', Object(ContactForm), 'textField', NULL, Array)
#10 C:\xampp\htdocs\darwinedy\protected\views\site\contact.php(32): BootActiveForm->textFieldRow(Object(ContactForm), 'textField', Array)
#11 C:\xampp\yii\framework\web\CBaseController.php(127): require('C:\xampp\htdocs...')
#12 C:\xampp\yii\framework\web\CBaseController.php(96): CBaseController->renderInternal('C:\xampp\htdocs...', Array, true)
#13 C:\xampp\yii\framework\web\CController.php(870): CBaseController->renderFile('C:\xampp\htdocs...', Array, true)
#14 C:\xampp\yii\framework\web\CController.php(783): CController->renderPartial('contact', Array, true)
#15 C:\xampp\htdocs\darwinedy\protected\controllers\SiteController.php(67): CController->render('contact', Array)
#16 C:\xampp\yii\framework\web\actions\CInlineAction.php(50): SiteController->actionContact()
#17 C:\xampp\yii\framework\web\CController.php(309): CInlineAction->runWithParams(Array)
#18 C:\xampp\yii\framework\web\CController.php(287): CController->runAction(Object(CInlineAction))
#19 C:\xampp\yii\framework\web\CController.php(266): CController->runActionWithFilters(Object(CInlineAction), Array)
#20 C:\xampp\yii\framework\web\CWebApplication.php(276): CController->run('contact')
#21 C:\xampp\yii\framework\web\CWebApplication.php(135): CWebApplication->runController('site/contact')
#22 C:\xampp\yii\framework\base\CApplication.php(162): CWebApplication->processRequest()
#23 C:\xampp\htdocs\darwinedy\index.php(13): CApplication->run()
#24 {main}
REQUEST_URI=/darwinedy/index.php?r=site/contact
HTTP_REFERER=http://localhost/darwinedy/
---
2012/02/11 06:39:59 [error] [exception.CException] exception 'CException' with message 'Property "ContactForm.verifyCode	" is not defined.' in C:\xampp\yii\framework\base\CComponent.php:131
Stack trace:
#0 C:\xampp\yii\framework\web\helpers\CHtml.php(2044): CComponent->__get('verifyCode?')
#1 C:\xampp\yii\framework\web\helpers\CHtml.php(1774): CHtml::resolveValue(Object(ContactForm), 'verifyCode?')
#2 C:\xampp\yii\framework\web\helpers\CHtml.php(1205): CHtml::activeInputField('text', Object(ContactForm), 'verifyCode?', Array)
#3 C:\xampp\yii\framework\web\widgets\CActiveForm.php(568): CHtml::activeTextField(Object(ContactForm), 'verifyCode?', Array)
#4 C:\xampp\htdocs\darwinedy\protected\extensions\bootstrap\widgets\input\BootInputHorizontal.php(180): CActiveForm->textField(Object(ContactForm), 'verifyCode?', Array)
#5 C:\xampp\htdocs\darwinedy\protected\extensions\bootstrap\widgets\input\BootInput.php(118): BootInputHorizontal->captcha()
#6 C:\xampp\htdocs\darwinedy\protected\extensions\bootstrap\widgets\input\BootInputHorizontal.php(25): BootInput->run()
#7 C:\xampp\yii\framework\web\CBaseController.php(174): BootInputHorizontal->run()
#8 C:\xampp\htdocs\darwinedy\protected\extensions\bootstrap\widgets\BootActiveForm.php(480): CBaseController->widget('bootstrap.widge...', Array)
#9 C:\xampp\htdocs\darwinedy\protected\extensions\bootstrap\widgets\BootActiveForm.php(204): BootActiveForm->inputRow('captcha', Object(ContactForm), 'verifyCode?', NULL, Array)
#10 C:\xampp\htdocs\darwinedy\protected\views\site\contact.php(41): BootActiveForm->captchaRow(Object(ContactForm), 'verifyCode?')
#11 C:\xampp\yii\framework\web\CBaseController.php(127): require('C:\xampp\htdocs...')
#12 C:\xampp\yii\framework\web\CBaseController.php(96): CBaseController->renderInternal('C:\xampp\htdocs...', Array, true)
#13 C:\xampp\yii\framework\web\CController.php(870): CBaseController->renderFile('C:\xampp\htdocs...', Array, true)
#14 C:\xampp\yii\framework\web\CController.php(783): CController->renderPartial('contact', Array, true)
#15 C:\xampp\htdocs\darwinedy\protected\controllers\SiteController.php(67): CController->render('contact', Array)
#16 C:\xampp\yii\framework\web\actions\CInlineAction.php(50): SiteController->actionContact()
#17 C:\xampp\yii\framework\web\CController.php(309): CInlineAction->runWithParams(Array)
#18 C:\xampp\yii\framework\web\CController.php(287): CController->runAction(Object(CInlineAction))
#19 C:\xampp\yii\framework\web\CController.php(266): CController->runActionWithFilters(Object(CInlineAction), Array)
#20 C:\xampp\yii\framework\web\CWebApplication.php(276): CController->run('contact')
#21 C:\xampp\yii\framework\web\CWebApplication.php(135): CWebApplication->runController('site/contact')
#22 C:\xampp\yii\framework\base\CApplication.php(162): CWebApplication->processRequest()
#23 C:\xampp\htdocs\darwinedy\index.php(13): CApplication->run()
#24 {main}
REQUEST_URI=/darwinedy/index.php?r=site/contact
HTTP_REFERER=http://localhost/darwinedy/
---
2012/02/11 06:48:21 [error] [exception.CException] exception 'CException' with message 'Property "SiteController.breadcums" is not defined.' in C:\xampp\yii\framework\base\CComponent.php:174
Stack trace:
#0 C:\xampp\htdocs\darwinedy\protected\controllers\SiteController.php(32): CComponent->__set('breadcums', NULL)
#1 C:\xampp\yii\framework\web\actions\CInlineAction.php(50): SiteController->actionIndex()
#2 C:\xampp\yii\framework\web\CController.php(309): CInlineAction->runWithParams(Array)
#3 C:\xampp\yii\framework\web\CController.php(287): CController->runAction(Object(CInlineAction))
#4 C:\xampp\yii\framework\web\CController.php(266): CController->runActionWithFilters(Object(CInlineAction), Array)
#5 C:\xampp\yii\framework\web\CWebApplication.php(276): CController->run('')
#6 C:\xampp\yii\framework\web\CWebApplication.php(135): CWebApplication->runController('')
#7 C:\xampp\yii\framework\base\CApplication.php(162): CWebApplication->processRequest()
#8 C:\xampp\htdocs\darwinedy\index.php(13): CApplication->run()
#9 {main}
REQUEST_URI=/darwinedy/index.php
HTTP_REFERER=http://localhost/darwinedy/index.php?r=site/contact
---
2012/02/11 06:48:40 [error] [exception.CException] exception 'CException' with message 'Property "SiteController.breadcrums" is not defined.' in C:\xampp\yii\framework\base\CComponent.php:174
Stack trace:
#0 C:\xampp\htdocs\darwinedy\protected\controllers\SiteController.php(32): CComponent->__set('breadcrums', NULL)
#1 C:\xampp\yii\framework\web\actions\CInlineAction.php(50): SiteController->actionIndex()
#2 C:\xampp\yii\framework\web\CController.php(309): CInlineAction->runWithParams(Array)
#3 C:\xampp\yii\framework\web\CController.php(287): CController->runAction(Object(CInlineAction))
#4 C:\xampp\yii\framework\web\CController.php(266): CController->runActionWithFilters(Object(CInlineAction), Array)
#5 C:\xampp\yii\framework\web\CWebApplication.php(276): CController->run('')
#6 C:\xampp\yii\framework\web\CWebApplication.php(135): CWebApplication->runController('')
#7 C:\xampp\yii\framework\base\CApplication.php(162): CWebApplication->processRequest()
#8 C:\xampp\htdocs\darwinedy\index.php(13): CApplication->run()
#9 {main}
REQUEST_URI=/darwinedy/index.php
HTTP_REFERER=http://localhost/darwinedy/index.php?r=site/contact
---
2012/02/11 15:09:17 [error] [exception.CHttpException.404] exception 'CHttpException' with message 'Unable to resolve the request "darwin/default".' in C:\xampp\yii\framework\web\CWebApplication.php:280
Stack trace:
#0 C:\xampp\yii\framework\web\CWebApplication.php(135): CWebApplication->runController('darwin/default')
#1 C:\xampp\yii\framework\base\CApplication.php(162): CWebApplication->processRequest()
#2 C:\xampp\htdocs\darwinedy\index.php(13): CApplication->run()
#3 {main}
REQUEST_URI=/darwinedy/index.php?r=darwin/default
---
2012/02/12 15:08:39 [error] [system.db.CDbCommand] CDbCommand::fetchAll() failed: SQLSTATE[42S02]: Base table or view not found: 1146 Table 'forised_yii.dia' doesn't exist. The SQL statement executed was: SHOW COLUMNS FROM `dia`.
in C:\xampp\htdocs\darwinedy\index.php (13)
2012/02/12 15:08:48 [error] [system.db.CDbCommand] CDbCommand::fetchAll() failed: SQLSTATE[42S02]: Base table or view not found: 1146 Table 'forised_yii.dia' doesn't exist. The SQL statement executed was: SHOW COLUMNS FROM `dia`.
in C:\xampp\htdocs\darwinedy\index.php (13)
2012/02/12 15:39:46 [error] [exception.CHttpException.404] exception 'CHttpException' with message 'Unable to resolve the request "tipo_atributo".' in C:\xampp\yii\framework\web\CWebApplication.php:280
Stack trace:
#0 C:\xampp\yii\framework\web\CWebApplication.php(135): CWebApplication->runController('tipo_atributo')
#1 C:\xampp\yii\framework\base\CApplication.php(162): CWebApplication->processRequest()
#2 C:\xampp\htdocs\darwinedy\index.php(13): CApplication->run()
#3 {main}
REQUEST_URI=/darwinedy/index.php/tipo_atributo
---
2012/02/12 15:43:16 [error] [php] include(BootButtonColumn.php) [<a href='function.include'>function.include</a>]: failed to open stream: No such file or directory (C:\xampp\yii\framework\YiiBase.php:418)
Stack trace:
#0 C:\xampp\yii\framework\YiiBase.php(198): import()
#1 C:\xampp\yii\framework\zii\widgets\grid\CGridView.php(313): createComponent()
#2 C:\xampp\yii\framework\zii\widgets\grid\CGridView.php(284): BootGridView->initColumns()
#3 C:\xampp\yii\framework\web\CBaseController.php(148): BootGridView->init()
#4 C:\xampp\yii\framework\web\CBaseController.php(173): TipoAtributoController->createWidget()
#5 C:\xampp\htdocs\darwinedy\protected\views\tipoAtributo\admin.php(53): TipoAtributoController->widget()
#6 C:\xampp\yii\framework\web\CBaseController.php(127): require()
#7 C:\xampp\yii\framework\web\CBaseController.php(96): TipoAtributoController->renderInternal()
#8 C:\xampp\yii\framework\web\CController.php(870): TipoAtributoController->renderFile()
#9 C:\xampp\yii\framework\web\CController.php(783): TipoAtributoController->renderPartial()
#10 C:\xampp\htdocs\darwinedy\protected\controllers\TipoAtributoController.php(148): TipoAtributoController->render()
#11 C:\xampp\yii\framework\web\actions\CInlineAction.php(50): TipoAtributoController->actionAdmin()
#12 C:\xampp\yii\framework\web\CController.php(309): CInlineAction->runWithParams()
#13 C:\xampp\yii\framework\web\filters\CFilterChain.php(134): TipoAtributoController->runAction()
#14 C:\xampp\yii\framework\web\filters\CFilter.php(41): CFilterChain->run()
#15 C:\xampp\yii\framework\web\CController.php(1146): CAccessControlFilter->filter()
#16 C:\xampp\yii\framework\web\filters\CInlineFilter.php(59): TipoAtributoController->filterAccessControl()
#17 C:\xampp\yii\framework\web\filters\CFilterChain.php(131): CInlineFilter->filter()
#18 C:\xampp\yii\framework\web\CController.php(292): CFilterChain->run()
#19 C:\xampp\yii\framework\web\CController.php(266): TipoAtributoController->runActionWithFilters()
#20 C:\xampp\yii\framework\web\CWebApplication.php(276): TipoAtributoController->run()
#21 C:\xampp\yii\framework\web\CWebApplication.php(135): CWebApplication->runController()
#22 C:\xampp\yii\framework\base\CApplication.php(162): CWebApplication->processRequest()
#23 C:\xampp\htdocs\darwinedy\index.php(13): CWebApplication->run()
REQUEST_URI=/darwinedy/index.php/tipoAtributo/admin
in C:\xampp\htdocs\darwinedy\protected\views\tipoAtributo\admin.php (53)
in C:\xampp\htdocs\darwinedy\protected\controllers\TipoAtributoController.php (148)
in C:\xampp\htdocs\darwinedy\index.php (13)
2012/02/12 15:43:53 [error] [php] include(BootButtonColumn.php) [<a href='function.include'>function.include</a>]: failed to open stream: No such file or directory (C:\xampp\yii\framework\YiiBase.php:418)
Stack trace:
#0 C:\xampp\yii\framework\YiiBase.php(198): import()
#1 C:\xampp\yii\framework\zii\widgets\grid\CGridView.php(313): createComponent()
#2 C:\xampp\yii\framework\zii\widgets\grid\CGridView.php(284): BootGridView->initColumns()
#3 C:\xampp\yii\framework\web\CBaseController.php(148): BootGridView->init()
#4 C:\xampp\yii\framework\web\CBaseController.php(173): TipoAtributoController->createWidget()
#5 C:\xampp\htdocs\darwinedy\protected\views\tipoAtributo\admin.php(54): TipoAtributoController->widget()
#6 C:\xampp\yii\framework\web\CBaseController.php(127): require()
#7 C:\xampp\yii\framework\web\CBaseController.php(96): TipoAtributoController->renderInternal()
#8 C:\xampp\yii\framework\web\CController.php(870): TipoAtributoController->renderFile()
#9 C:\xampp\yii\framework\web\CController.php(783): TipoAtributoController->renderPartial()
#10 C:\xampp\htdocs\darwinedy\protected\controllers\TipoAtributoController.php(148): TipoAtributoController->render()
#11 C:\xampp\yii\framework\web\actions\CInlineAction.php(50): TipoAtributoController->actionAdmin()
#12 C:\xampp\yii\framework\web\CController.php(309): CInlineAction->runWithParams()
#13 C:\xampp\yii\framework\web\filters\CFilterChain.php(134): TipoAtributoController->runAction()
#14 C:\xampp\yii\framework\web\filters\CFilter.php(41): CFilterChain->run()
#15 C:\xampp\yii\framework\web\CController.php(1146): CAccessControlFilter->filter()
#16 C:\xampp\yii\framework\web\filters\CInlineFilter.php(59): TipoAtributoController->filterAccessControl()
#17 C:\xampp\yii\framework\web\filters\CFilterChain.php(131): CInlineFilter->filter()
#18 C:\xampp\yii\framework\web\CController.php(292): CFilterChain->run()
#19 C:\xampp\yii\framework\web\CController.php(266): TipoAtributoController->runActionWithFilters()
#20 C:\xampp\yii\framework\web\CWebApplication.php(276): TipoAtributoController->run()
#21 C:\xampp\yii\framework\web\CWebApplication.php(135): CWebApplication->runController()
#22 C:\xampp\yii\framework\base\CApplication.php(162): CWebApplication->processRequest()
#23 C:\xampp\htdocs\darwinedy\index.php(13): CWebApplication->run()
REQUEST_URI=/darwinedy/index.php/tipoAtributo/admin
in C:\xampp\htdocs\darwinedy\protected\views\tipoAtributo\admin.php (54)
in C:\xampp\htdocs\darwinedy\protected\controllers\TipoAtributoController.php (148)
in C:\xampp\htdocs\darwinedy\index.php (13)
2012/02/12 15:44:31 [error] [php] include(BootButtonColumn.php) [<a href='function.include'>function.include</a>]: failed to open stream: No such file or directory (C:\xampp\yii\framework\YiiBase.php:418)
Stack trace:
#0 C:\xampp\yii\framework\YiiBase.php(198): import()
#1 C:\xampp\yii\framework\zii\widgets\grid\CGridView.php(313): createComponent()
#2 C:\xampp\yii\framework\zii\widgets\grid\CGridView.php(284): BootGridView->initColumns()
#3 C:\xampp\yii\framework\web\CBaseController.php(148): BootGridView->init()
#4 C:\xampp\yii\framework\web\CBaseController.php(173): TipoAtributoController->createWidget()
#5 C:\xampp\htdocs\darwinedy\protected\views\tipoAtributo\admin.php(54): TipoAtributoController->widget()
#6 C:\xampp\yii\framework\web\CBaseController.php(127): require()
#7 C:\xampp\yii\framework\web\CBaseController.php(96): TipoAtributoController->renderInternal()
#8 C:\xampp\yii\framework\web\CController.php(870): TipoAtributoController->renderFile()
#9 C:\xampp\yii\framework\web\CController.php(783): TipoAtributoController->renderPartial()
#10 C:\xampp\htdocs\darwinedy\protected\controllers\TipoAtributoController.php(148): TipoAtributoController->render()
#11 C:\xampp\yii\framework\web\actions\CInlineAction.php(50): TipoAtributoController->actionAdmin()
#12 C:\xampp\yii\framework\web\CController.php(309): CInlineAction->runWithParams()
#13 C:\xampp\yii\framework\web\filters\CFilterChain.php(134): TipoAtributoController->runAction()
#14 C:\xampp\yii\framework\web\filters\CFilter.php(41): CFilterChain->run()
#15 C:\xampp\yii\framework\web\CController.php(1146): CAccessControlFilter->filter()
#16 C:\xampp\yii\framework\web\filters\CInlineFilter.php(59): TipoAtributoController->filterAccessControl()
#17 C:\xampp\yii\framework\web\filters\CFilterChain.php(131): CInlineFilter->filter()
#18 C:\xampp\yii\framework\web\CController.php(292): CFilterChain->run()
#19 C:\xampp\yii\framework\web\CController.php(266): TipoAtributoController->runActionWithFilters()
#20 C:\xampp\yii\framework\web\CWebApplication.php(276): TipoAtributoController->run()
#21 C:\xampp\yii\framework\web\CWebApplication.php(135): CWebApplication->runController()
#22 C:\xampp\yii\framework\base\CApplication.php(162): CWebApplication->processRequest()
#23 C:\xampp\htdocs\darwinedy\index.php(13): CWebApplication->run()
REQUEST_URI=/darwinedy/index.php/tipoAtributo/admin
in C:\xampp\htdocs\darwinedy\protected\views\tipoAtributo\admin.php (54)
in C:\xampp\htdocs\darwinedy\protected\controllers\TipoAtributoController.php (148)
in C:\xampp\htdocs\darwinedy\index.php (13)
2012/02/13 02:20:06 [error] [php] include(Facultad.php) [<a href='function.include'>function.include</a>]: failed to open stream: No such file or directory (C:\xampp\yii\framework\YiiBase.php:418)
Stack trace:
#0 C:\xampp\yii\framework\db\ar\CActiveRecord.php(378): spl_autoload_call()
#1 C:\xampp\htdocs\darwinedy\protected\extensions\giix-components\GxActiveRecord.php(26): model()
#2 C:\xampp\htdocs\darwinedy\protected\extensions\giix-components\GxActiveRecord.php(152): model()
#3 C:\xampp\htdocs\darwinedy\protected\views\universidad\_form.php(22): Universidad->getRelationLabel()
#4 C:\xampp\yii\framework\web\CBaseController.php(127): require()
#5 C:\xampp\yii\framework\web\CBaseController.php(96): UniversidadController->renderInternal()
#6 C:\xampp\yii\framework\web\CController.php(870): UniversidadController->renderFile()
#7 C:\xampp\htdocs\darwinedy\protected\views\universidad\create.php(19): UniversidadController->renderPartial()
#8 C:\xampp\yii\framework\web\CBaseController.php(127): require()
#9 C:\xampp\yii\framework\web\CBaseController.php(96): UniversidadController->renderInternal()
#10 C:\xampp\yii\framework\web\CController.php(870): UniversidadController->renderFile()
#11 C:\xampp\yii\framework\web\CController.php(783): UniversidadController->renderPartial()
#12 C:\xampp\htdocs\darwinedy\protected\controllers\UniversidadController.php(53): UniversidadController->render()
#13 C:\xampp\yii\framework\web\actions\CInlineAction.php(50): UniversidadController->actionCreate()
#14 C:\xampp\yii\framework\web\CController.php(309): CInlineAction->runWithParams()
#15 C:\xampp\yii\framework\web\filters\CFilterChain.php(134): UniversidadController->runAction()
#16 C:\xampp\yii\framework\web\filters\CFilter.php(41): CFilterChain->run()
#17 C:\xampp\yii\framework\web\CController.php(1146): CAccessControlFilter->filter()
#18 C:\xampp\yii\framework\web\filters\CInlineFilter.php(59): UniversidadController->filterAccessControl()
#19 C:\xampp\yii\framework\web\filters\CFilterChain.php(131): CInlineFilter->filter()
#20 C:\xampp\yii\framework\web\CController.php(292): CFilterChain->run()
#21 C:\xampp\yii\framework\web\CController.php(266): UniversidadController->runActionWithFilters()
#22 C:\xampp\yii\framework\web\CWebApplication.php(276): UniversidadController->run()
#23 C:\xampp\yii\framework\web\CWebApplication.php(135): CWebApplication->runController()
#24 C:\xampp\yii\framework\base\CApplication.php(162): CWebApplication->processRequest()
#25 C:\xampp\htdocs\darwinedy\index.php(13): CWebApplication->run()
REQUEST_URI=/darwinedy/index.php/universidad/create
in C:\xampp\htdocs\darwinedy\protected\extensions\giix-components\GxActiveRecord.php (26)
in C:\xampp\htdocs\darwinedy\protected\extensions\giix-components\GxActiveRecord.php (152)
in C:\xampp\htdocs\darwinedy\protected\views\universidad\_form.php (22)
2012/02/13 02:20:38 [error] [php] include(Sede.php) [<a href='function.include'>function.include</a>]: failed to open stream: No such file or directory (C:\xampp\yii\framework\YiiBase.php:418)
Stack trace:
#0 C:\xampp\yii\framework\db\ar\CActiveRecord.php(378): spl_autoload_call()
#1 C:\xampp\htdocs\darwinedy\protected\extensions\giix-components\GxActiveRecord.php(26): model()
#2 C:\xampp\htdocs\darwinedy\protected\extensions\giix-components\GxActiveRecord.php(152): model()
#3 C:\xampp\htdocs\darwinedy\protected\views\universidad\_form.php(24): Universidad->getRelationLabel()
#4 C:\xampp\yii\framework\web\CBaseController.php(127): require()
#5 C:\xampp\yii\framework\web\CBaseController.php(96): UniversidadController->renderInternal()
#6 C:\xampp\yii\framework\web\CController.php(870): UniversidadController->renderFile()
#7 C:\xampp\htdocs\darwinedy\protected\views\universidad\create.php(19): UniversidadController->renderPartial()
#8 C:\xampp\yii\framework\web\CBaseController.php(127): require()
#9 C:\xampp\yii\framework\web\CBaseController.php(96): UniversidadController->renderInternal()
#10 C:\xampp\yii\framework\web\CController.php(870): UniversidadController->renderFile()
#11 C:\xampp\yii\framework\web\CController.php(783): UniversidadController->renderPartial()
#12 C:\xampp\htdocs\darwinedy\protected\controllers\UniversidadController.php(53): UniversidadController->render()
#13 C:\xampp\yii\framework\web\actions\CInlineAction.php(50): UniversidadController->actionCreate()
#14 C:\xampp\yii\framework\web\CController.php(309): CInlineAction->runWithParams()
#15 C:\xampp\yii\framework\web\filters\CFilterChain.php(134): UniversidadController->runAction()
#16 C:\xampp\yii\framework\web\filters\CFilter.php(41): CFilterChain->run()
#17 C:\xampp\yii\framework\web\CController.php(1146): CAccessControlFilter->filter()
#18 C:\xampp\yii\framework\web\filters\CInlineFilter.php(59): UniversidadController->filterAccessControl()
#19 C:\xampp\yii\framework\web\filters\CFilterChain.php(131): CInlineFilter->filter()
#20 C:\xampp\yii\framework\web\CController.php(292): CFilterChain->run()
#21 C:\xampp\yii\framework\web\CController.php(266): UniversidadController->runActionWithFilters()
#22 C:\xampp\yii\framework\web\CWebApplication.php(276): UniversidadController->run()
#23 C:\xampp\yii\framework\web\CWebApplication.php(135): CWebApplication->runController()
#24 C:\xampp\yii\framework\base\CApplication.php(162): CWebApplication->processRequest()
#25 C:\xampp\htdocs\darwinedy\index.php(13): CWebApplication->run()
REQUEST_URI=/darwinedy/index.php/universidad/create
in C:\xampp\htdocs\darwinedy\protected\extensions\giix-components\GxActiveRecord.php (26)
in C:\xampp\htdocs\darwinedy\protected\extensions\giix-components\GxActiveRecord.php (152)
in C:\xampp\htdocs\darwinedy\protected\views\universidad\_form.php (24)
2012/02/13 02:21:05 [error] [php] include(Usuario.php) [<a href='function.include'>function.include</a>]: failed to open stream: No such file or directory (C:\xampp\yii\framework\YiiBase.php:418)
Stack trace:
#0 C:\xampp\yii\framework\db\ar\CActiveRecord.php(378): spl_autoload_call()
#1 C:\xampp\htdocs\darwinedy\protected\extensions\giix-components\GxActiveRecord.php(26): model()
#2 C:\xampp\htdocs\darwinedy\protected\extensions\giix-components\GxActiveRecord.php(152): model()
#3 C:\xampp\htdocs\darwinedy\protected\views\universidad\_form.php(26): Universidad->getRelationLabel()
#4 C:\xampp\yii\framework\web\CBaseController.php(127): require()
#5 C:\xampp\yii\framework\web\CBaseController.php(96): UniversidadController->renderInternal()
#6 C:\xampp\yii\framework\web\CController.php(870): UniversidadController->renderFile()
#7 C:\xampp\htdocs\darwinedy\protected\views\universidad\create.php(19): UniversidadController->renderPartial()
#8 C:\xampp\yii\framework\web\CBaseController.php(127): require()
#9 C:\xampp\yii\framework\web\CBaseController.php(96): UniversidadController->renderInternal()
#10 C:\xampp\yii\framework\web\CController.php(870): UniversidadController->renderFile()
#11 C:\xampp\yii\framework\web\CController.php(783): UniversidadController->renderPartial()
#12 C:\xampp\htdocs\darwinedy\protected\controllers\UniversidadController.php(53): UniversidadController->render()
#13 C:\xampp\yii\framework\web\actions\CInlineAction.php(50): UniversidadController->actionCreate()
#14 C:\xampp\yii\framework\web\CController.php(309): CInlineAction->runWithParams()
#15 C:\xampp\yii\framework\web\filters\CFilterChain.php(134): UniversidadController->runAction()
#16 C:\xampp\yii\framework\web\filters\CFilter.php(41): CFilterChain->run()
#17 C:\xampp\yii\framework\web\CController.php(1146): CAccessControlFilter->filter()
#18 C:\xampp\yii\framework\web\filters\CInlineFilter.php(59): UniversidadController->filterAccessControl()
#19 C:\xampp\yii\framework\web\filters\CFilterChain.php(131): CInlineFilter->filter()
#20 C:\xampp\yii\framework\web\CController.php(292): CFilterChain->run()
#21 C:\xampp\yii\framework\web\CController.php(266): UniversidadController->runActionWithFilters()
#22 C:\xampp\yii\framework\web\CWebApplication.php(276): UniversidadController->run()
#23 C:\xampp\yii\framework\web\CWebApplication.php(135): CWebApplication->runController()
#24 C:\xampp\yii\framework\base\CApplication.php(162): CWebApplication->processRequest()
#25 C:\xampp\htdocs\darwinedy\index.php(13): CWebApplication->run()
REQUEST_URI=/darwinedy/index.php/universidad/create
in C:\xampp\htdocs\darwinedy\protected\extensions\giix-components\GxActiveRecord.php (26)
in C:\xampp\htdocs\darwinedy\protected\extensions\giix-components\GxActiveRecord.php (152)
in C:\xampp\htdocs\darwinedy\protected\views\universidad\_form.php (26)
2012/02/13 02:23:45 [error] [php] include(DaBloque.php) [<a href='function.include'>function.include</a>]: failed to open stream: No such file or directory (C:\xampp\yii\framework\YiiBase.php:418)
Stack trace:
#0 C:\xampp\yii\framework\db\ar\CActiveRecord.php(378): spl_autoload_call()
#1 C:\xampp\htdocs\darwinedy\protected\extensions\giix-components\GxActiveRecord.php(26): model()
#2 C:\xampp\htdocs\darwinedy\protected\extensions\giix-components\GxActiveRecord.php(152): model()
#3 C:\xampp\htdocs\darwinedy\protected\views\sede\_form.php(42): Sede->getRelationLabel()
#4 C:\xampp\yii\framework\web\CBaseController.php(127): require()
#5 C:\xampp\yii\framework\web\CBaseController.php(96): SedeController->renderInternal()
#6 C:\xampp\yii\framework\web\CController.php(870): SedeController->renderFile()
#7 C:\xampp\htdocs\darwinedy\protected\views\sede\create.php(19): SedeController->renderPartial()
#8 C:\xampp\yii\framework\web\CBaseController.php(127): require()
#9 C:\xampp\yii\framework\web\CBaseController.php(96): SedeController->renderInternal()
#10 C:\xampp\yii\framework\web\CController.php(870): SedeController->renderFile()
#11 C:\xampp\yii\framework\web\CController.php(783): SedeController->renderPartial()
#12 C:\xampp\htdocs\darwinedy\protected\controllers\SedeController.php(57): SedeController->render()
#13 C:\xampp\yii\framework\web\actions\CInlineAction.php(50): SedeController->actionCreate()
#14 C:\xampp\yii\framework\web\CController.php(309): CInlineAction->runWithParams()
#15 C:\xampp\yii\framework\web\filters\CFilterChain.php(134): SedeController->runAction()
#16 C:\xampp\yii\framework\web\filters\CFilter.php(41): CFilterChain->run()
#17 C:\xampp\yii\framework\web\CController.php(1146): CAccessControlFilter->filter()
#18 C:\xampp\yii\framework\web\filters\CInlineFilter.php(59): SedeController->filterAccessControl()
#19 C:\xampp\yii\framework\web\filters\CFilterChain.php(131): CInlineFilter->filter()
#20 C:\xampp\yii\framework\web\CController.php(292): CFilterChain->run()
#21 C:\xampp\yii\framework\web\CController.php(266): SedeController->runActionWithFilters()
#22 C:\xampp\yii\framework\web\CWebApplication.php(276): SedeController->run()
#23 C:\xampp\yii\framework\web\CWebApplication.php(135): CWebApplication->runController()
#24 C:\xampp\yii\framework\base\CApplication.php(162): CWebApplication->processRequest()
#25 C:\xampp\htdocs\darwinedy\index.php(13): CWebApplication->run()
REQUEST_URI=/darwinedy/index.php/sede/create
in C:\xampp\htdocs\darwinedy\protected\extensions\giix-components\GxActiveRecord.php (26)
in C:\xampp\htdocs\darwinedy\protected\extensions\giix-components\GxActiveRecord.php (152)
in C:\xampp\htdocs\darwinedy\protected\views\sede\_form.php (42)
2012/02/13 02:46:01 [error] [exception.CException] exception 'CException' with message 'AtributoController contains improperly nested widget tags in its view "C:\xampp\htdocs\darwinedy\protected\views//layouts/column2.php". A CContentDecorator widget does not have an endWidget() call.' in C:\xampp\yii\framework\web\CBaseController.php:102
Stack trace:
#0 C:\xampp\yii\framework\web\CController.php(785): CBaseController->renderFile('C:\xampp\htdocs...', Array, true)
#1 C:\xampp\htdocs\darwinedy\protected\controllers\AtributoController.php(133): CController->render('index', Array)
#2 C:\xampp\yii\framework\web\actions\CInlineAction.php(50): AtributoController->actionIndex()
#3 C:\xampp\yii\framework\web\CController.php(309): CInlineAction->runWithParams(Array)
#4 C:\xampp\yii\framework\web\filters\CFilterChain.php(134): CController->runAction(Object(CInlineAction))
#5 C:\xampp\yii\framework\web\filters\CFilter.php(41): CFilterChain->run()
#6 C:\xampp\yii\framework\web\CController.php(1146): CFilter->filter(Object(CFilterChain))
#7 C:\xampp\yii\framework\web\filters\CInlineFilter.php(59): CController->filterAccessControl(Object(CFilterChain))
#8 C:\xampp\yii\framework\web\filters\CFilterChain.php(131): CInlineFilter->filter(Object(CFilterChain))
#9 C:\xampp\yii\framework\web\CController.php(292): CFilterChain->run()
#10 C:\xampp\yii\framework\web\CController.php(266): CController->runActionWithFilters(Object(CInlineAction), Array)
#11 C:\xampp\yii\framework\web\CWebApplication.php(276): CController->run('')
#12 C:\xampp\yii\framework\web\CWebApplication.php(135): CWebApplication->runController('atributo')
#13 C:\xampp\yii\framework\base\CApplication.php(162): CWebApplication->processRequest()
#14 C:\xampp\htdocs\darwinedy\index.php(13): CApplication->run()
#15 {main}
REQUEST_URI=/darwinedy/index.php/atributo
---
2012/02/13 02:49:46 [error] [exception.CException] exception 'CException' with message 'AtributoController has an extra endWidget(CContentDecorator) call in its view.' in C:\xampp\yii\framework\web\CBaseController.php:211
Stack trace:
#0 C:\xampp\yii\framework\web\CBaseController.php(301): CBaseController->endWidget('CContentDecorat...')
#1 C:\xampp\htdocs\darwinedy\protected\views\layouts\column2.php(18): CBaseController->endContent()
#2 C:\xampp\yii\framework\web\CBaseController.php(127): require('C:\xampp\htdocs...')
#3 C:\xampp\yii\framework\web\CBaseController.php(96): CBaseController->renderInternal('C:\xampp\htdocs...', Array, true)
#4 C:\xampp\yii\framework\web\CController.php(785): CBaseController->renderFile('C:\xampp\htdocs...', Array, true)
#5 C:\xampp\htdocs\darwinedy\protected\controllers\AtributoController.php(148): CController->render('admin', Array)
#6 C:\xampp\yii\framework\web\actions\CInlineAction.php(50): AtributoController->actionAdmin()
#7 C:\xampp\yii\framework\web\CController.php(309): CInlineAction->runWithParams(Array)
#8 C:\xampp\yii\framework\web\filters\CFilterChain.php(134): CController->runAction(Object(CInlineAction))
#9 C:\xampp\yii\framework\web\filters\CFilter.php(41): CFilterChain->run()
#10 C:\xampp\yii\framework\web\CController.php(1146): CFilter->filter(Object(CFilterChain))
#11 C:\xampp\yii\framework\web\filters\CInlineFilter.php(59): CController->filterAccessControl(Object(CFilterChain))
#12 C:\xampp\yii\framework\web\filters\CFilterChain.php(131): CInlineFilter->filter(Object(CFilterChain))
#13 C:\xampp\yii\framework\web\CController.php(292): CFilterChain->run()
#14 C:\xampp\yii\framework\web\CController.php(266): CController->runActionWithFilters(Object(CInlineAction), Array)
#15 C:\xampp\yii\framework\web\CWebApplication.php(276): CController->run('admin')
#16 C:\xampp\yii\framework\web\CWebApplication.php(135): CWebApplication->runController('atributo/admin')
#17 C:\xampp\yii\framework\base\CApplication.php(162): CWebApplication->processRequest()
#18 C:\xampp\htdocs\darwinedy\index.php(13): CApplication->run()
#19 {main}
REQUEST_URI=/darwinedy/index.php/atributo/admin
HTTP_REFERER=http://localhost/darwinedy/index.php/atributo/create
---
2012/02/13 04:10:51 [error] [php] htmlspecialchars() expects parameter 1 to be string, array given (C:\xampp\yii\framework\web\helpers\CHtml.php:85)
Stack trace:
#0 C:\xampp\yii\framework\web\helpers\CHtml.php(158): renderAttributes()
#1 C:\xampp\htdocs\darwinedy\protected\extensions\bootstrap\widgets\BootNavbar.php(103): openTag()
#2 C:\xampp\yii\framework\web\CBaseController.php(174): BootNavbar->run()
#3 C:\xampp\htdocs\darwinedy\protected\views\layouts\main.php(53): AtributoController->widget()
#4 C:\xampp\yii\framework\web\CBaseController.php(127): require()
#5 C:\xampp\yii\framework\web\CBaseController.php(96): AtributoController->renderInternal()
#6 C:\xampp\yii\framework\web\widgets\CContentDecorator.php(77): AtributoController->renderFile()
#7 C:\xampp\yii\framework\web\widgets\CContentDecorator.php(55): CContentDecorator->decorate()
#8 C:\xampp\yii\framework\web\widgets\COutputProcessor.php(45): CContentDecorator->processOutput()
#9 C:\xampp\yii\framework\web\CBaseController.php(207): CContentDecorator->run()
#10 C:\xampp\yii\framework\web\CBaseController.php(301): AtributoController->endWidget()
#11 C:\xampp\htdocs\darwinedy\protected\views\layouts\column2.php(34): AtributoController->endContent()
#12 C:\xampp\yii\framework\web\CBaseController.php(127): require()
#13 C:\xampp\yii\framework\web\CBaseController.php(96): AtributoController->renderInternal()
#14 C:\xampp\yii\framework\web\CController.php(785): AtributoController->renderFile()
#15 C:\xampp\htdocs\darwinedy\protected\controllers\AtributoController.php(133): AtributoController->render()
#16 C:\xampp\yii\framework\web\actions\CInlineAction.php(50): AtributoController->actionIndex()
#17 C:\xampp\yii\framework\web\CController.php(309): CInlineAction->runWithParams()
#18 C:\xampp\yii\framework\web\filters\CFilterChain.php(134): AtributoController->runAction()
#19 C:\xampp\yii\framework\web\filters\CFilter.php(41): CFilterChain->run()
#20 C:\xampp\yii\framework\web\CController.php(1146): CAccessControlFilter->filter()
#21 C:\xampp\yii\framework\web\filters\CInlineFilter.php(59): AtributoController->filterAccessControl()
#22 C:\xampp\yii\framework\web\filters\CFilterChain.php(131): CInlineFilter->filter()
#23 C:\xampp\yii\framework\web\CController.php(292): CFilterChain->run()
#24 C:\xampp\yii\framework\web\CController.php(266): AtributoController->runActionWithFilters()
#25 C:\xampp\yii\framework\web\CWebApplication.php(276): AtributoController->run()
#26 C:\xampp\yii\framework\web\CWebApplication.php(135): CWebApplication->runController()
#27 C:\xampp\yii\framework\base\CApplication.php(162): CWebApplication->processRequest()
#28 C:\xampp\htdocs\darwinedy\index.php(13): CWebApplication->run()
REQUEST_URI=/darwinedy/index.php/atributo/index
in C:\xampp\htdocs\darwinedy\protected\extensions\bootstrap\widgets\BootNavbar.php (103)
in C:\xampp\htdocs\darwinedy\protected\views\layouts\main.php (53)
in C:\xampp\htdocs\darwinedy\protected\views\layouts\column2.php (34)
2012/02/13 04:13:59 [error] [exception.CException] exception 'CException' with message 'Property "BootNavbar.0" is not defined.' in C:\xampp\yii\framework\base\CComponent.php:174
Stack trace:
#0 C:\xampp\yii\framework\web\CWidgetFactory.php(162): CComponent->__set('0', Array)
#1 C:\xampp\yii\framework\web\CBaseController.php(147): CWidgetFactory->createWidget(Object(SiteController), 'bootstrap.widge...', Array)
#2 C:\xampp\yii\framework\web\CBaseController.php(173): CBaseController->createWidget('bootstrap.widge...', Array)
#3 C:\xampp\htdocs\darwinedy\protected\views\layouts\main.php(54): CBaseController->widget('bootstrap.widge...', Array)
#4 C:\xampp\yii\framework\web\CBaseController.php(127): require('C:\xampp\htdocs...')
#5 C:\xampp\yii\framework\web\CBaseController.php(96): CBaseController->renderInternal('C:\xampp\htdocs...', Array, true)
#6 C:\xampp\yii\framework\web\widgets\CContentDecorator.php(77): CBaseController->renderFile('C:\xampp\htdocs...', Array, true)
#7 C:\xampp\yii\framework\web\widgets\CContentDecorator.php(55): CContentDecorator->decorate('<div class="her...')
#8 C:\xampp\yii\framework\web\widgets\COutputProcessor.php(45): CContentDecorator->processOutput('<div class="her...')
#9 C:\xampp\yii\framework\web\CBaseController.php(207): COutputProcessor->run()
#10 C:\xampp\yii\framework\web\CBaseController.php(301): CBaseController->endWidget('CContentDecorat...')
#11 C:\xampp\htdocs\darwinedy\protected\views\layouts\home.php(5): CBaseController->endContent()
#12 C:\xampp\yii\framework\web\CBaseController.php(127): require('C:\xampp\htdocs...')
#13 C:\xampp\yii\framework\web\CBaseController.php(96): CBaseController->renderInternal('C:\xampp\htdocs...', Array, true)
#14 C:\xampp\yii\framework\web\CController.php(785): CBaseController->renderFile('C:\xampp\htdocs...', Array, true)
#15 C:\xampp\htdocs\darwinedy\protected\controllers\SiteController.php(39): CController->render('index')
#16 C:\xampp\yii\framework\web\actions\CInlineAction.php(50): SiteController->actionIndex()
#17 C:\xampp\yii\framework\web\CController.php(309): CInlineAction->runWithParams(Array)
#18 C:\xampp\yii\framework\web\CController.php(287): CController->runAction(Object(CInlineAction))
#19 C:\xampp\yii\framework\web\CController.php(266): CController->runActionWithFilters(Object(CInlineAction), Array)
#20 C:\xampp\yii\framework\web\CWebApplication.php(276): CController->run('index')
#21 C:\xampp\yii\framework\web\CWebApplication.php(135): CWebApplication->runController('site/index')
#22 C:\xampp\yii\framework\base\CApplication.php(162): CWebApplication->processRequest()
#23 C:\xampp\htdocs\darwinedy\index.php(13): CApplication->run()
#24 {main}
REQUEST_URI=/darwinedy/index.php/site/index
HTTP_REFERER=http://localhost/darwinedy/
---
2012/02/13 05:40:55 [error] [php] include(BootButtonColumn.php) [<a href='function.include'>function.include</a>]: failed to open stream: No such file or directory (C:\xampp\yii\framework\YiiBase.php:418)
Stack trace:
#0 C:\xampp\yii\framework\YiiBase.php(198): import()
#1 C:\xampp\yii\framework\zii\widgets\grid\CGridView.php(313): createComponent()
#2 C:\xampp\yii\framework\zii\widgets\grid\CGridView.php(284): BootGridView->initColumns()
#3 C:\xampp\yii\framework\web\CBaseController.php(148): BootGridView->init()
#4 C:\xampp\yii\framework\web\CBaseController.php(173): AtributoController->createWidget()
#5 C:\xampp\htdocs\darwinedy\protected\views\atributo\admin.php(57): AtributoController->widget()
#6 C:\xampp\yii\framework\web\CBaseController.php(127): require()
#7 C:\xampp\yii\framework\web\CBaseController.php(96): AtributoController->renderInternal()
#8 C:\xampp\yii\framework\web\CController.php(870): AtributoController->renderFile()
#9 C:\xampp\yii\framework\web\CController.php(783): AtributoController->renderPartial()
#10 C:\xampp\htdocs\darwinedy\protected\controllers\AtributoController.php(148): AtributoController->render()
#11 C:\xampp\yii\framework\web\actions\CInlineAction.php(50): AtributoController->actionAdmin()
#12 C:\xampp\yii\framework\web\CController.php(309): CInlineAction->runWithParams()
#13 C:\xampp\yii\framework\web\filters\CFilterChain.php(134): AtributoController->runAction()
#14 C:\xampp\yii\framework\web\filters\CFilter.php(41): CFilterChain->run()
#15 C:\xampp\yii\framework\web\CController.php(1146): CAccessControlFilter->filter()
#16 C:\xampp\yii\framework\web\filters\CInlineFilter.php(59): AtributoController->filterAccessControl()
#17 C:\xampp\yii\framework\web\filters\CFilterChain.php(131): CInlineFilter->filter()
#18 C:\xampp\yii\framework\web\CController.php(292): CFilterChain->run()
#19 C:\xampp\yii\framework\web\CController.php(266): AtributoController->runActionWithFilters()
#20 C:\xampp\yii\framework\web\CWebApplication.php(276): AtributoController->run()
#21 C:\xampp\yii\framework\web\CWebApplication.php(135): CWebApplication->runController()
#22 C:\xampp\yii\framework\base\CApplication.php(162): CWebApplication->processRequest()
#23 C:\xampp\htdocs\darwinedy\index.php(13): CWebApplication->run()
REQUEST_URI=/darwinedy/index.php/atributo/admin
in C:\xampp\htdocs\darwinedy\protected\views\atributo\admin.php (57)
in C:\xampp\htdocs\darwinedy\protected\controllers\AtributoController.php (148)
in C:\xampp\htdocs\darwinedy\index.php (13)
2012/02/13 07:04:43 [error] [system.db.CDbCommand] CDbCommand::execute() failed: SQLSTATE[23000]: Integrity constraint violation: 1062 Duplicate entry '4-' for key 'IDX_UNIQUE_tipo_atributo_id_codigo'. The SQL statement executed was: INSERT INTO `atributo` (`nativo`, `usable`, `tipo_atributo_id`, `nombre`, `codigo`) VALUES (:yp0, :yp1, :yp2, :yp3, :yp4).
in C:\xampp\htdocs\darwinedy\protected\controllers\AtributoController.php (72)
in C:\xampp\htdocs\darwinedy\index.php (13)
2012/02/13 07:04:44 [error] [exception.CDbException] exception 'CDbException' with message 'CDbCommand falló al ejecutar la sentencia SQL: SQLSTATE[23000]: Integrity constraint violation: 1062 Duplicate entry '4-' for key 'IDX_UNIQUE_tipo_atributo_id_codigo'. The SQL statement executed was: INSERT INTO `atributo` (`nativo`, `usable`, `tipo_atributo_id`, `nombre`, `codigo`) VALUES (:yp0, :yp1, :yp2, :yp3, :yp4)' in C:\xampp\yii\framework\db\CDbCommand.php:354
Stack trace:
#0 C:\xampp\yii\framework\db\ar\CActiveRecord.php(1014): CDbCommand->execute()
#1 C:\xampp\yii\framework\db\ar\CActiveRecord.php(787): CActiveRecord->insert(NULL)
#2 C:\xampp\htdocs\darwinedy\protected\controllers\AtributoController.php(72): CActiveRecord->save()
#3 C:\xampp\yii\framework\web\actions\CInlineAction.php(50): AtributoController->actionCreate()
#4 C:\xampp\yii\framework\web\CController.php(309): CInlineAction->runWithParams(Array)
#5 C:\xampp\yii\framework\web\filters\CFilterChain.php(134): CController->runAction(Object(CInlineAction))
#6 C:\xampp\yii\framework\web\filters\CFilter.php(41): CFilterChain->run()
#7 C:\xampp\yii\framework\web\CController.php(1146): CFilter->filter(Object(CFilterChain))
#8 C:\xampp\yii\framework\web\filters\CInlineFilter.php(59): CController->filterAccessControl(Object(CFilterChain))
#9 C:\xampp\yii\framework\web\filters\CFilterChain.php(131): CInlineFilter->filter(Object(CFilterChain))
#10 C:\xampp\yii\framework\web\CController.php(292): CFilterChain->run()
#11 C:\xampp\yii\framework\web\CController.php(266): CController->runActionWithFilters(Object(CInlineAction), Array)
#12 C:\xampp\yii\framework\web\CWebApplication.php(276): CController->run('create')
#13 C:\xampp\yii\framework\web\CWebApplication.php(135): CWebApplication->runController('atributo/create')
#14 C:\xampp\yii\framework\base\CApplication.php(162): CWebApplication->processRequest()
#15 C:\xampp\htdocs\darwinedy\index.php(13): CApplication->run()
#16 {main}
REQUEST_URI=/darwinedy/index.php/atributo/create
HTTP_REFERER=http://localhost/darwinedy/index.php/atributo/create
---
2012/02/13 07:04:50 [error] [system.db.CDbCommand] CDbCommand::execute() failed: SQLSTATE[23000]: Integrity constraint violation: 1062 Duplicate entry '4-' for key 'IDX_UNIQUE_tipo_atributo_id_codigo'. The SQL statement executed was: INSERT INTO `atributo` (`nativo`, `usable`, `tipo_atributo_id`, `nombre`, `codigo`) VALUES (:yp0, :yp1, :yp2, :yp3, :yp4).
in C:\xampp\htdocs\darwinedy\protected\controllers\AtributoController.php (72)
in C:\xampp\htdocs\darwinedy\index.php (13)
2012/02/13 07:04:50 [error] [exception.CDbException] exception 'CDbException' with message 'CDbCommand falló al ejecutar la sentencia SQL: SQLSTATE[23000]: Integrity constraint violation: 1062 Duplicate entry '4-' for key 'IDX_UNIQUE_tipo_atributo_id_codigo'. The SQL statement executed was: INSERT INTO `atributo` (`nativo`, `usable`, `tipo_atributo_id`, `nombre`, `codigo`) VALUES (:yp0, :yp1, :yp2, :yp3, :yp4)' in C:\xampp\yii\framework\db\CDbCommand.php:354
Stack trace:
#0 C:\xampp\yii\framework\db\ar\CActiveRecord.php(1014): CDbCommand->execute()
#1 C:\xampp\yii\framework\db\ar\CActiveRecord.php(787): CActiveRecord->insert(NULL)
#2 C:\xampp\htdocs\darwinedy\protected\controllers\AtributoController.php(72): CActiveRecord->save()
#3 C:\xampp\yii\framework\web\actions\CInlineAction.php(50): AtributoController->actionCreate()
#4 C:\xampp\yii\framework\web\CController.php(309): CInlineAction->runWithParams(Array)
#5 C:\xampp\yii\framework\web\filters\CFilterChain.php(134): CController->runAction(Object(CInlineAction))
#6 C:\xampp\yii\framework\web\filters\CFilter.php(41): CFilterChain->run()
#7 C:\xampp\yii\framework\web\CController.php(1146): CFilter->filter(Object(CFilterChain))
#8 C:\xampp\yii\framework\web\filters\CInlineFilter.php(59): CController->filterAccessControl(Object(CFilterChain))
#9 C:\xampp\yii\framework\web\filters\CFilterChain.php(131): CInlineFilter->filter(Object(CFilterChain))
#10 C:\xampp\yii\framework\web\CController.php(292): CFilterChain->run()
#11 C:\xampp\yii\framework\web\CController.php(266): CController->runActionWithFilters(Object(CInlineAction), Array)
#12 C:\xampp\yii\framework\web\CWebApplication.php(276): CController->run('create')
#13 C:\xampp\yii\framework\web\CWebApplication.php(135): CWebApplication->runController('atributo/create')
#14 C:\xampp\yii\framework\base\CApplication.php(162): CWebApplication->processRequest()
#15 C:\xampp\htdocs\darwinedy\index.php(13): CApplication->run()
#16 {main}
REQUEST_URI=/darwinedy/index.php/atributo/create
HTTP_REFERER=http://localhost/darwinedy/index.php/atributo/create
---
2012/02/13 07:05:54 [error] [system.db.CDbCommand] CDbCommand::execute() failed: SQLSTATE[23000]: Integrity constraint violation: 1452 Cannot add or update a child row: a foreign key constraint fails (`forised_yii`.`atributo`, CONSTRAINT `fk_atributos_tipo_id_tipos_id` FOREIGN KEY (`tipo_atributo_id`) REFERENCES `tipo_atributo` (`id`) ON DELETE CASCADE ON UPDATE CASCADE). The SQL statement executed was: INSERT INTO `atributo` (`nativo`, `usable`, `tipo_atributo_id`, `nombre`, `codigo`) VALUES (:yp0, :yp1, :yp2, :yp3, :yp4).
in C:\xampp\htdocs\darwinedy\protected\controllers\AtributoController.php (72)
in C:\xampp\htdocs\darwinedy\index.php (13)
2012/02/13 07:05:54 [error] [exception.CDbException] exception 'CDbException' with message 'CDbCommand falló al ejecutar la sentencia SQL: SQLSTATE[23000]: Integrity constraint violation: 1452 Cannot add or update a child row: a foreign key constraint fails (`forised_yii`.`atributo`, CONSTRAINT `fk_atributos_tipo_id_tipos_id` FOREIGN KEY (`tipo_atributo_id`) REFERENCES `tipo_atributo` (`id`) ON DELETE CASCADE ON UPDATE CASCADE). The SQL statement executed was: INSERT INTO `atributo` (`nativo`, `usable`, `tipo_atributo_id`, `nombre`, `codigo`) VALUES (:yp0, :yp1, :yp2, :yp3, :yp4)' in C:\xampp\yii\framework\db\CDbCommand.php:354
Stack trace:
#0 C:\xampp\yii\framework\db\ar\CActiveRecord.php(1014): CDbCommand->execute()
#1 C:\xampp\yii\framework\db\ar\CActiveRecord.php(787): CActiveRecord->insert(NULL)
#2 C:\xampp\htdocs\darwinedy\protected\controllers\AtributoController.php(72): CActiveRecord->save()
#3 C:\xampp\yii\framework\web\actions\CInlineAction.php(50): AtributoController->actionCreate()
#4 C:\xampp\yii\framework\web\CController.php(309): CInlineAction->runWithParams(Array)
#5 C:\xampp\yii\framework\web\filters\CFilterChain.php(134): CController->runAction(Object(CInlineAction))
#6 C:\xampp\yii\framework\web\filters\CFilter.php(41): CFilterChain->run()
#7 C:\xampp\yii\framework\web\CController.php(1146): CFilter->filter(Object(CFilterChain))
#8 C:\xampp\yii\framework\web\filters\CInlineFilter.php(59): CController->filterAccessControl(Object(CFilterChain))
#9 C:\xampp\yii\framework\web\filters\CFilterChain.php(131): CInlineFilter->filter(Object(CFilterChain))
#10 C:\xampp\yii\framework\web\CController.php(292): CFilterChain->run()
#11 C:\xampp\yii\framework\web\CController.php(266): CController->runActionWithFilters(Object(CInlineAction), Array)
#12 C:\xampp\yii\framework\web\CWebApplication.php(276): CController->run('create')
#13 C:\xampp\yii\framework\web\CWebApplication.php(135): CWebApplication->runController('atributo/create')
#14 C:\xampp\yii\framework\base\CApplication.php(162): CWebApplication->processRequest()
#15 C:\xampp\htdocs\darwinedy\index.php(13): CApplication->run()
#16 {main}
REQUEST_URI=/darwinedy/index.php/atributo/create
HTTP_REFERER=http://localhost/darwinedy/index.php/atributo/create
---
2012/02/13 12:41:53 [error] [php] PDO::__construct() [<a href='pdo.--construct'>pdo.--construct</a>]: [2002] No se puede establecer una conexin ya que el equipo de destino deneg expresamente dicha conexin.
 (trying to connect via tcp://localhost:3306) (C:\xampp\yii\framework\db\CDbConnection.php:422)
Stack trace:
#0 C:\xampp\yii\framework\db\CDbConnection.php(331): CDbConnection->open()
#1 C:\xampp\yii\framework\db\CDbConnection.php(309): CDbConnection->setActive()
#2 C:\xampp\yii\framework\base\CModule.php(388): CDbConnection->init()
#3 C:\xampp\yii\framework\base\CApplication.php(431): CWebApplication->getComponent()
#4 C:\xampp\yii\framework\db\ar\CActiveRecord.php(615): CWebApplication->getDb()
#5 C:\xampp\yii\framework\db\ar\CActiveRecord.php(2263): Atributo->getDbConnection()
#6 C:\xampp\yii\framework\db\ar\CActiveRecord.php(379): CActiveRecordMetaData->__construct()
#7 C:\xampp\yii\framework\db\ar\CActiveRecord.php(394): model()
#8 C:\xampp\yii\framework\db\ar\CActiveRecord.php(78): Atributo->getMetaData()
#9 C:\xampp\htdocs\darwinedy\protected\controllers\AtributoController.php(141): Atributo->__construct()
#10 C:\xampp\yii\framework\web\actions\CInlineAction.php(50): AtributoController->actionAdmin()
#11 C:\xampp\yii\framework\web\CController.php(309): CInlineAction->runWithParams()
#12 C:\xampp\yii\framework\web\filters\CFilterChain.php(134): AtributoController->runAction()
#13 C:\xampp\yii\framework\web\filters\CFilter.php(41): CFilterChain->run()
#14 C:\xampp\yii\framework\web\CController.php(1146): CAccessControlFilter->filter()
#15 C:\xampp\yii\framework\web\filters\CInlineFilter.php(59): AtributoController->filterAccessControl()
#16 C:\xampp\yii\framework\web\filters\CFilterChain.php(131): CInlineFilter->filter()
#17 C:\xampp\yii\framework\web\CController.php(292): CFilterChain->run()
#18 C:\xampp\yii\framework\web\CController.php(266): AtributoController->runActionWithFilters()
#19 C:\xampp\yii\framework\web\CWebApplication.php(276): AtributoController->run()
#20 C:\xampp\yii\framework\web\CWebApplication.php(135): CWebApplication->runController()
#21 C:\xampp\yii\framework\base\CApplication.php(162): CWebApplication->processRequest()
#22 C:\xampp\htdocs\darwinedy\index.php(13): CWebApplication->run()
REQUEST_URI=/darwinedy/index.php/atributo/admin
in C:\xampp\htdocs\darwinedy\protected\controllers\AtributoController.php (141)
in C:\xampp\htdocs\darwinedy\index.php (13)
2012/02/13 12:41:53 [error] [php] PDO::__construct() [<a href='pdo.--construct'>pdo.--construct</a>]: [2002] No se puede establecer una conexin ya que el equipo de destino deneg expresamente dicha conexin.
 (trying to connect via tcp://localhost:3306) (C:\xampp\yii\framework\db\CDbConnection.php:422)
Stack trace:
#0 C:\xampp\yii\framework\db\CDbConnection.php(331): CDbConnection->open()
#1 C:\xampp\yii\framework\db\CDbConnection.php(309): CDbConnection->setActive()
#2 C:\xampp\yii\framework\base\CModule.php(388): CDbConnection->init()
#3 C:\xampp\yii\framework\base\CApplication.php(431): CWebApplication->getComponent()
#4 C:\xampp\yii\framework\db\ar\CActiveRecord.php(615): CWebApplication->getDb()
#5 C:\xampp\yii\framework\db\ar\CActiveRecord.php(2263): Atributo->getDbConnection()
#6 C:\xampp\yii\framework\db\ar\CActiveRecord.php(379): CActiveRecordMetaData->__construct()
#7 C:\xampp\yii\framework\db\ar\CActiveRecord.php(394): model()
#8 C:\xampp\yii\framework\db\ar\CActiveRecord.php(78): Atributo->getMetaData()
#9 C:\xampp\htdocs\darwinedy\protected\controllers\AtributoController.php(141): Atributo->__construct()
#10 C:\xampp\yii\framework\web\actions\CInlineAction.php(50): AtributoController->actionAdmin()
#11 C:\xampp\yii\framework\web\CController.php(309): CInlineAction->runWithParams()
#12 C:\xampp\yii\framework\web\filters\CFilterChain.php(134): AtributoController->runAction()
#13 C:\xampp\yii\framework\web\filters\CFilter.php(41): CFilterChain->run()
#14 C:\xampp\yii\framework\web\CController.php(1146): CAccessControlFilter->filter()
#15 C:\xampp\yii\framework\web\filters\CInlineFilter.php(59): AtributoController->filterAccessControl()
#16 C:\xampp\yii\framework\web\filters\CFilterChain.php(131): CInlineFilter->filter()
#17 C:\xampp\yii\framework\web\CController.php(292): CFilterChain->run()
#18 C:\xampp\yii\framework\web\CController.php(266): AtributoController->runActionWithFilters()
#19 C:\xampp\yii\framework\web\CWebApplication.php(276): AtributoController->run()
#20 C:\xampp\yii\framework\web\CWebApplication.php(135): CWebApplication->runController()
#21 C:\xampp\yii\framework\base\CApplication.php(162): CWebApplication->processRequest()
#22 C:\xampp\htdocs\darwinedy\index.php(13): CWebApplication->run()
REQUEST_URI=/darwinedy/index.php/atributo/admin
in C:\xampp\htdocs\darwinedy\protected\controllers\AtributoController.php (141)
in C:\xampp\htdocs\darwinedy\index.php (13)
